<?xml version="1.0" encoding="UTF-8"?>
<!-- Generated by org.testng.reporters.JUnitReportReporter -->
<testsuite hostname="SILICUS253" name="testClasses.LoginPageTest" tests="1" failures="0" timestamp="9 Jan 2018 13:13:58 GMT" time="8.949" errors="0">
  <testcase name="loginwithValidInfo" time="8.949" classname="testClasses.LoginPageTest"/>
</testsuite> <!-- testClasses.LoginPageTest -->
