<?xml version="1.0" encoding="UTF-8"?>
<!-- Generated by org.testng.reporters.JUnitReportReporter -->
<testsuite hostname="SILICUS253" name="testClasses.LoginPageTest" tests="1" failures="0" timestamp="21 Dec 2017 14:33:00 GMT" time="10.339" errors="0">
  <testcase name="loginwithValidInfo" time="10.339" classname="testClasses.LoginPageTest"/>
</testsuite> <!-- testClasses.LoginPageTest -->
