<?xml version="1.0" encoding="UTF-8"?>
<!-- Generated by org.testng.reporters.JUnitReportReporter -->
<testsuite hostname="SILICUS253" name="testClasses.SurveyTest" tests="2" failures="0" timestamp="9 Jan 2018 13:13:58 GMT" time="37.390" errors="0">
  <testcase name="navigateToSurveyPage" time="25.943" classname="testClasses.SurveyTest"/>
  <testcase name="completeSurvey" time="11.447" classname="testClasses.SurveyTest"/>
</testsuite> <!-- testClasses.SurveyTest -->
