<?xml version="1.0" encoding="UTF-8"?>
<!-- Generated by org.testng.reporters.JUnitReportReporter -->
<testsuite hostname="SILICUS253" name="testClasses.CreateSurveyTemplateTest" tests="3" failures="0" timestamp="21 Dec 2017 14:32:59 GMT" time="22.180" errors="0">
  <testcase name="createNewSurveyTemplate" time="7.297" classname="testClasses.CreateSurveyTemplateTest"/>
  <testcase name="selectClientsForTemplate" time="5.842" classname="testClasses.CreateSurveyTemplateTest"/>
  <testcase name="openSurveyTemplates" time="9.041" classname="testClasses.CreateSurveyTemplateTest"/>
</testsuite> <!-- testClasses.CreateSurveyTemplateTest -->
